<?xml version="1.0" encoding="UTF-8"?>
<testng-results ignored="0" total="1" passed="1" failed="0" skipped="0">
  <reporter-output>
    <line>
      <![CDATA[<a href="C:\Users\ehtes\git\SecondDemo\Demo\Screenshot\ActionTest\VisiblePart.jpg">screenshot]]>
    </line>
  </reporter-output>
  <suite started-at="2023-11-13T00:20:24 IST" name="Suite" finished-at="2023-11-13T00:20:30 IST" duration-ms="6218">
    <groups>
    </groups>
    <test started-at="2023-11-13T00:20:24 IST" name="Test" finished-at="2023-11-13T00:20:30 IST" duration-ms="6218">
      <class name="seleniumTest.ActionTest">
        <test-method is-config="true" signature="StartBrowser()[pri:0, instance:seleniumTest.ActionTest@f72203]" started-at="2023-11-13T00:20:24 IST" name="StartBrowser" finished-at="2023-11-13T00:20:26 IST" duration-ms="2460" status="PASS">
          <reporter-output>
          </reporter-output>
        </test-method> <!-- StartBrowser -->
        <test-method signature="PerformActions()[pri:0, instance:seleniumTest.ActionTest@f72203]" started-at="2023-11-13T00:20:26 IST" name="PerformActions" finished-at="2023-11-13T00:20:30 IST" duration-ms="3637" status="PASS">
          <reporter-output>
            <line>
              <![CDATA[<a href="C:\Users\ehtes\git\SecondDemo\Demo\Screenshot\ActionTest\VisiblePart.jpg">screenshot]]>
            </line>
          </reporter-output>
        </test-method> <!-- PerformActions -->
      </class> <!-- seleniumTest.ActionTest -->
    </test> <!-- Test -->
  </suite> <!-- Suite -->
</testng-results>
