<?xml version="1.0" encoding="UTF-8"?>
<testng-results ignored="0" total="2" passed="2" failed="0" skipped="0">
  <reporter-output>
  </reporter-output>
  <suite started-at="2023-11-01T16:30:55 IST" name="Default suite" finished-at="2023-11-01T16:31:10 IST" duration-ms="14126">
    <groups>
    </groups>
    <test started-at="2023-11-01T16:30:55 IST" name="Default test" finished-at="2023-11-01T16:31:10 IST" duration-ms="14126">
      <class name="Test1">
        <test-method signature="callCountryCapital(java.lang.String)[pri:0, instance:Test1@35841320]" started-at="2023-11-01T16:30:56 IST" name="callCountryCapital" data-provider="getData" finished-at="2023-11-01T16:31:03 IST" duration-ms="7462" status="PASS">
          <params>
            <param index="0">
              <value>
                <![CDATA[Afghanistan]]>
              </value>
            </param>
          </params>
          <reporter-output>
          </reporter-output>
        </test-method> <!-- callCountryCapital -->
        <test-method signature="callCountryCapital(java.lang.String)[pri:0, instance:Test1@35841320]" started-at="2023-11-01T16:31:03 IST" name="callCountryCapital" data-provider="getData" finished-at="2023-11-01T16:31:10 IST" duration-ms="6516" status="PASS">
          <params>
            <param index="0">
              <value>
                <![CDATA[Albania]]>
              </value>
            </param>
          </params>
          <reporter-output>
          </reporter-output>
        </test-method> <!-- callCountryCapital -->
      </class> <!-- Test1 -->
    </test> <!-- Default test -->
  </suite> <!-- Default suite -->
</testng-results>
